# JRE version: OpenJDK Runtime Environment (8.0_152-b08) (build 1.8.0_152-release-1248-b8)
# Java VM: OpenJDK 64-Bit Server VM (25.152-b8 mixed mode windows-amd64 compressed oops)
Heap:
 par new generation   total 39296K, used 6360K [0x00000000d1200000, 0x00000000d3ca0000, 0x00000000e0c00000)
  eden space 34944K,   9% used [0x00000000d1200000, 0x00000000d15224a8, 0x00000000d3420000)
  from space 4352K,  72% used [0x00000000d3860000, 0x00000000d3b73b68, 0x00000000d3ca0000)
  to   space 4352K,   0% used [0x00000000d3420000, 0x00000000d3420000, 0x00000000d3860000)
 concurrent mark-sweep generation total 210084K, used 193555K [0x00000000e0c00000, 0x00000000ed929000, 0x0000000100000000)
 Metaspace       used 229030K, capacity 244279K, committed 244564K, reserved 1263616K
  class space    used 26892K, capacity 29851K, committed 29920K, reserved 1048576K
GC Heap History (10 events):
Event: 2252.821 GC heap before
{Heap before GC invocations=578 (full 9):
 par new generation   total 39296K, used 37881K [0x00000000d1200000, 0x00000000d3ca0000, 0x00000000e0c00000)
  eden space 34944K, 100% used [0x00000000d1200000, 0x00000000d3420000, 0x00000000d3420000)
  from space 4352K,  67% used [0x00000000d3420000, 0x00000000d36fe5a0, 0x00000000d3860000)
  to   space 4352K,   0% used [0x00000000d3860000, 0x00000000d3860000, 0x00000000d3ca0000)
 concurrent mark-sweep generation total 210084K, used 192600K [0x00000000e0c00000, 0x00000000ed929000, 0x0000000100000000)
 Metaspace       used 228971K, capacity 244267K, committed 244564K, reserved 1263616K
  class space    used 26890K, capacity 29849K, committed 29920K, reserved 1048576K
Event: 2252.831 GC heap after
Heap after GC invocations=579 (full 9):
 par new generation   total 39296K, used 2832K [0x00000000d1200000, 0x00000000d3ca0000, 0x00000000e0c00000)
  eden space 34944K,   0% used [0x00000000d1200000, 0x00000000d1200000, 0x00000000d3420000)
  from space 4352K,  65% used [0x00000000d3860000, 0x00000000d3b243c0, 0x00000000d3ca0000)
  to   space 4352K,   0% used [0x00000000d3420000, 0x00000000d3420000, 0x00000000d3860000)
 concurrent mark-sweep generation total 210084K, used 192926K [0x00000000e0c00000, 0x00000000ed929000, 0x0000000100000000)
 Metaspace       used 228971K, capacity 244267K, committed 244564K, reserved 1263616K
  class space    used 26890K, capacity 29849K, committed 29920K, reserved 1048576K
}
Event: 2333.881 GC heap before
{Heap before GC invocations=579 (full 9):
 par new generation   total 39296K, used 37776K [0x00000000d1200000, 0x00000000d3ca0000, 0x00000000e0c00000)
  eden space 34944K, 100% used [0x00000000d1200000, 0x00000000d3420000, 0x00000000d3420000)
  from space 4352K,  65% used [0x00000000d3860000, 0x00000000d3b243c0, 0x00000000d3ca0000)
  to   space 4352K,   0% used [0x00000000d3420000, 0x00000000d3420000, 0x00000000d3860000)
 concurrent mark-sweep generation total 210084K, used 192926K [0x00000000e0c00000, 0x00000000ed929000, 0x0000000100000000)
 Metaspace       used 228987K, capacity 244279K, committed 244564K, reserved 1263616K
  class space    used 26891K, capacity 29851K, committed 29920K, reserved 1048576K
Event: 2333.890 GC heap after
Heap after GC invocations=580 (full 9):
 par new generation   total 39296K, used 2964K [0x00000000d1200000, 0x00000000d3ca0000, 0x00000000e0c00000)
  eden space 34944K,   0% used [0x00000000d1200000, 0x00000000d1200000, 0x00000000d3420000)
  from space 4352K,  68% used [0x00000000d3420000, 0x00000000d37050d8, 0x00000000d3860000)
  to   space 4352K,   0% used [0x00000000d3860000, 0x00000000d3860000, 0x00000000d3ca0000)
 concurrent mark-sweep generation total 210084K, used 192926K [0x00000000e0c00000, 0x00000000ed929000, 0x0000000100000000)
 Metaspace       used 228987K, capacity 244279K, committed 244564K, reserved 1263616K
  class space    used 26891K, capacity 29851K, committed 29920K, reserved 1048576K
}
Event: 2334.544 GC heap before
{Heap before GC invocations=580 (full 9):
 par new generation   total 39296K, used 37908K [0x00000000d1200000, 0x00000000d3ca0000, 0x00000000e0c00000)
  eden space 34944K, 100% used [0x00000000d1200000, 0x00000000d3420000, 0x00000000d3420000)
  from space 4352K,  68% used [0x00000000d3420000, 0x00000000d37050d8, 0x00000000d3860000)
  to   space 4352K,   0% used [0x00000000d3860000, 0x00000000d3860000, 0x00000000d3ca0000)
 concurrent mark-sweep generation total 210084K, used 192926K [0x00000000e0c00000, 0x00000000ed929000, 0x0000000100000000)
 Metaspace       used 229018K, capacity 244279K, committed 244564K, reserved 1263616K
  class space    used 26892K, capacity 29851K, committed 29920K, reserved 1048576K
Event: 2334.551 GC heap after
Heap after GC invocations=581 (full 9):
 par new generation   total 39296K, used 3391K [0x00000000d1200000, 0x00000000d3ca0000, 0x00000000e0c00000)
  eden space 34944K,   0% used [0x00000000d1200000, 0x00000000d1200000, 0x00000000d3420000)
  from space 4352K,  77% used [0x00000000d3860000, 0x00000000d3bafcf8, 0x00000000d3ca0000)
  to   space 4352K,   0% used [0x00000000d3420000, 0x00000000d3420000, 0x00000000d3860000)
 concurrent mark-sweep generation total 210084K, used 192926K [0x00000000e0c00000, 0x00000000ed929000, 0x0000000100000000)
 Metaspace       used 229018K, capacity 244279K, committed 244564K, reserved 1263616K
  class space    used 26892K, capacity 29851K, committed 29920K, reserved 1048576K
}
Event: 2352.628 GC heap before
{Heap before GC invocations=581 (full 9):
 par new generation   total 39296K, used 38335K [0x00000000d1200000, 0x00000000d3ca0000, 0x00000000e0c00000)
  eden space 34944K, 100% used [0x00000000d1200000, 0x00000000d3420000, 0x00000000d3420000)
  from space 4352K,  77% used [0x00000000d3860000, 0x00000000d3bafcf8, 0x00000000d3ca0000)
  to   space 4352K,   0% used [0x00000000d3420000, 0x00000000d3420000, 0x00000000d3860000)
 concurrent mark-sweep generation total 210084K, used 192926K [0x00000000e0c00000, 0x00000000ed929000, 0x0000000100000000)
 Metaspace       used 229030K, capacity 244279K, committed 244564K, reserved 1263616K
  class space    used 26892K, capacity 29851K, committed 29920K, reserved 1048576K
Event: 2352.636 GC heap after
Heap after GC invocations=582 (full 9):
 par new generation   total 39296K, used 3931K [0x00000000d1200000, 0x00000000d3ca0000, 0x00000000e0c00000)
  eden space 34944K,   0% used [0x00000000d1200000, 0x00000000d1200000, 0x00000000d3420000)
  from space 4352K,  90% used [0x00000000d3420000, 0x00000000d37f6fe8, 0x00000000d3860000)
  to   space 4352K,   0% used [0x00000000d3860000, 0x00000000d3860000, 0x00000000d3ca0000)
 concurrent mark-sweep generation total 210084K, used 193041K [0x00000000e0c00000, 0x00000000ed929000, 0x0000000100000000)
 Metaspace       used 229030K, capacity 244279K, committed 244564K, reserved 1263616K
  class space    used 26892K, capacity 29851K, committed 29920K, reserved 1048576K
}
Event: 2355.875 GC heap before
{Heap before GC invocations=582 (full 9):
 par new generation   total 39296K, used 38875K [0x00000000d1200000, 0x00000000d3ca0000, 0x00000000e0c00000)
  eden space 34944K, 100% used [0x00000000d1200000, 0x00000000d3420000, 0x00000000d3420000)
  from space 4352K,  90% used [0x00000000d3420000, 0x00000000d37f6fe8, 0x00000000d3860000)
  to   space 4352K,   0% used [0x00000000d3860000, 0x00000000d3860000, 0x00000000d3ca0000)
 concurrent mark-sweep generation total 210084K, used 193041K [0x00000000e0c00000, 0x00000000ed929000, 0x0000000100000000)
 Metaspace       used 229030K, capacity 244279K, committed 244564K, reserved 1263616K
  class space    used 26892K, capacity 29851K, committed 29920K, reserved 1048576K
Event: 2355.882 GC heap after
Heap after GC invocations=583 (full 9):
 par new generation   total 39296K, used 3150K [0x00000000d1200000, 0x00000000d3ca0000, 0x00000000e0c00000)
  eden space 34944K,   0% used [0x00000000d1200000, 0x00000000d1200000, 0x00000000d3420000)
  from space 4352K,  72% used [0x00000000d3860000, 0x00000000d3b73b68, 0x00000000d3ca0000)
  to   space 4352K,   0% used [0x00000000d3420000, 0x00000000d3420000, 0x00000000d3860000)
 concurrent mark-sweep generation total 210084K, used 193555K [0x00000000e0c00000, 0x00000000ed929000, 0x0000000100000000)
 Metaspace       used 229030K, capacity 244279K, committed 244564K, reserved 1263616K
  class space    used 26892K, capacity 29851K, committed 29920K, reserved 1048576K
}

